<?xml version="1.0" encoding="UTF-8"?>
<!-- Generated by org.testng.reporters.JUnitReportReporter -->
<testsuite hostname="DESKTOP-JO7IUIU" failures="0" tests="1" name="com.vitiger_crm.Orgtest.CreateOrganizationWithIndustriesTest" time="26.062" errors="0" timestamp="2026-09-18T15:26:12 IST" skipped="0">
  <testcase classname="com.vitiger_crm.Orgtest.CreateOrganizationWithIndustriesTest" name="createOrganizationWithIndustriesTest" time="26.062"/>
</testsuite> <!-- com.vitiger_crm.Orgtest.CreateOrganizationWithIndustriesTest -->
