<?xml version="1.0" encoding="UTF-8"?>
<!-- Generated by org.testng.reporters.JUnitReportReporter -->
<testsuite hostname="DESKTOP-JO7IUIU" failures="0" tests="1" name="com.vitiger_crm.Orgtest.CreateOrganizationWithPhoneNumberTest" time="27.357" errors="0" timestamp="2026-09-18T15:26:12 IST" skipped="0">
  <testcase classname="com.vitiger_crm.Orgtest.CreateOrganizationWithPhoneNumberTest" name="createOrganizationWithPhoneNumbeTest" time="27.357"/>
</testsuite> <!-- com.vitiger_crm.Orgtest.CreateOrganizationWithPhoneNumberTest -->
