<?xml version="1.0" encoding="UTF-8"?>
<!-- Generated by org.testng.reporters.JUnitReportReporter -->
<testsuite hostname="DESKTOP-JO7IUIU" failures="0" tests="1" name="com.vitiger_crm.Orgtest.CreateOrganizationWithPhoneNumberTest" time="46.370" errors="0" timestamp="2026-09-20T19:09:22 IST" skipped="0">
  <testcase classname="com.vitiger_crm.Orgtest.CreateOrganizationWithPhoneNumberTest" name="createOrganizationWithPhoneNumbeTest" time="46.370"/>
</testsuite> <!-- com.vitiger_crm.Orgtest.CreateOrganizationWithPhoneNumberTest -->
