<?xml version="1.0" encoding="UTF-8"?>
<!-- Generated by org.testng.reporters.JUnitXMLReporter -->
<testsuite ignored="10" hostname="DESKTOP-JO7IUIU" failures="0" tests="6" name="Test1" time="186.033" errors="0" timestamp="2026-09-20T19:09:21 IST">
  <testcase classname="com.vitiger_crm.Orgtest.CreateOrganizationTest" name="createOrganizationTest" time="32.783"/>
  <testcase classname="com.vitiger_crm.contacttest.CreateContactWithSupportDateTest" name="createContactWithSupportDateTest" time="29.06"/>
  <testcase classname="com.vitiger_crm.contacttest.CreateContactWithOrgTest" name="createContactWithOrgTest" time="37.518"/>
  <testcase classname="com.vitiger_crm.contacttest.CreateContactTest" name="createContactTest" time="5.855"/>
  <testcase classname="com.vitiger_crm.Orgtest.CreateOrganizationWithPhoneNumberTest" name="createOrganizationWithPhoneNumbeTest" time="6.001"/>
  <testcase classname="com.vitiger_crm.Orgtest.CreateOrganizationWithIndustriesTest" name="createOrganizationWithIndustriesTest" time="8.646"/>
  <testcase classname="generic_baseClass.BaseClass" name="@BeforeSuite databaseConnectivity" time="0.0">
    <ignored/>
  </testcase> <!-- @BeforeSuite databaseConnectivity -->
  <testcase classname="generic_baseClass.BaseClass" name="@AfterSuite databaseClosure" time="0.0">
    <ignored/>
  </testcase> <!-- @AfterSuite databaseClosure -->
  <testcase classname="generic_baseClass.BaseClass" name="@BeforeSuite databaseConnectivity" time="0.0">
    <ignored/>
  </testcase> <!-- @BeforeSuite databaseConnectivity -->
  <testcase classname="generic_baseClass.BaseClass" name="@AfterSuite databaseClosure" time="0.0">
    <ignored/>
  </testcase> <!-- @AfterSuite databaseClosure -->
  <testcase classname="generic_baseClass.BaseClass" name="@AfterSuite databaseClosure" time="0.0">
    <ignored/>
  </testcase> <!-- @AfterSuite databaseClosure -->
  <testcase classname="generic_baseClass.BaseClass" name="@AfterSuite databaseClosure" time="0.0">
    <ignored/>
  </testcase> <!-- @AfterSuite databaseClosure -->
  <testcase classname="generic_baseClass.BaseClass" name="@BeforeSuite databaseConnectivity" time="0.0">
    <ignored/>
  </testcase> <!-- @BeforeSuite databaseConnectivity -->
  <testcase classname="generic_baseClass.BaseClass" name="@BeforeSuite databaseConnectivity" time="0.0">
    <ignored/>
  </testcase> <!-- @BeforeSuite databaseConnectivity -->
  <testcase classname="generic_baseClass.BaseClass" name="@BeforeSuite databaseConnectivity" time="0.0">
    <ignored/>
  </testcase> <!-- @BeforeSuite databaseConnectivity -->
  <testcase classname="generic_baseClass.BaseClass" name="@AfterSuite databaseClosure" time="0.0">
    <ignored/>
  </testcase> <!-- @AfterSuite databaseClosure -->
</testsuite> <!-- Test1 -->
